\BOOKMARK [0][-]{chapter.1}{\376\377\000C\000l\000a\000s\000s\000\040\000I\000n\000d\000e\000x}{}
\BOOKMARK [1][-]{section.1.1}{\376\377\000C\000l\000a\000s\000s\000\040\000L\000i\000s\000t}{chapter.1}
\BOOKMARK [0][-]{chapter.2}{\376\377\000C\000l\000a\000s\000s\000\040\000D\000o\000c\000u\000m\000e\000n\000t\000a\000t\000i\000o\000n}{}
\BOOKMARK [1][-]{section.2.1}{\376\377\000D\000i\000o\000d\000e\000F\000i\000n\000d\000e\000r\000\040\000C\000l\000a\000s\000s\000\040\000R\000e\000f\000e\000r\000e\000n\000c\000e}{chapter.2}
\BOOKMARK [2][-]{subsection.2.1.1}{\376\377\000D\000e\000t\000a\000i\000l\000e\000d\000\040\000D\000e\000s\000c\000r\000i\000p\000t\000i\000o\000n}{section.2.1}
\BOOKMARK [2][-]{subsection.2.1.2}{\376\377\000C\000o\000n\000s\000t\000r\000u\000c\000t\000o\000r\000\040\000\046\000\040\000D\000e\000s\000t\000r\000u\000c\000t\000o\000r\000\040\000D\000o\000c\000u\000m\000e\000n\000t\000a\000t\000i\000o\000n}{section.2.1}
\BOOKMARK [3][-]{subsubsection.2.1.2.1}{\376\377\000D\000i\000o\000d\000e\000F\000i\000n\000d\000e\000r}{subsection.2.1.2}
\BOOKMARK [2][-]{subsection.2.1.3}{\376\377\000M\000e\000m\000b\000e\000r\000\040\000F\000u\000n\000c\000t\000i\000o\000n\000\040\000D\000o\000c\000u\000m\000e\000n\000t\000a\000t\000i\000o\000n}{section.2.1}
\BOOKMARK [3][-]{subsubsection.2.1.3.1}{\376\377\000e\000n\000a\000b\000l\000e\000F\000I\000F\000O}{subsection.2.1.3}
\BOOKMARK [3][-]{subsubsection.2.1.3.2}{\376\377\000i\000s\000O\000k}{subsection.2.1.3}
\BOOKMARK [3][-]{subsubsection.2.1.3.3}{\376\377\000p\000i\000c\000k\000C\000o\000l\000o\000r}{subsection.2.1.3}
\BOOKMARK [1][-]{section.2.2}{\376\377\000M\000a\000i\000n\000W\000i\000n\000d\000o\000w\000\040\000C\000l\000a\000s\000s\000\040\000R\000e\000f\000e\000r\000e\000n\000c\000e}{chapter.2}
\BOOKMARK [2][-]{subsection.2.2.1}{\376\377\000M\000e\000m\000b\000e\000r\000\040\000F\000u\000n\000c\000t\000i\000o\000n\000\040\000D\000o\000c\000u\000m\000e\000n\000t\000a\000t\000i\000o\000n}{section.2.2}
\BOOKMARK [3][-]{subsubsection.2.2.1.1}{\376\377\000c\000l\000o\000s\000e\000E\000v\000e\000n\000t}{subsection.2.2.1}
\BOOKMARK [1][-]{section.2.3}{\376\377\000S\000c\000e\000n\000e\000O\000b\000j\000e\000c\000t\000\040\000C\000l\000a\000s\000s\000\040\000R\000e\000f\000e\000r\000e\000n\000c\000e}{chapter.2}
\BOOKMARK [2][-]{subsection.2.3.1}{\376\377\000D\000e\000t\000a\000i\000l\000e\000d\000\040\000D\000e\000s\000c\000r\000i\000p\000t\000i\000o\000n}{section.2.3}
\BOOKMARK [2][-]{subsection.2.3.2}{\376\377\000C\000o\000n\000s\000t\000r\000u\000c\000t\000o\000r\000\040\000\046\000\040\000D\000e\000s\000t\000r\000u\000c\000t\000o\000r\000\040\000D\000o\000c\000u\000m\000e\000n\000t\000a\000t\000i\000o\000n}{section.2.3}
\BOOKMARK [3][-]{subsubsection.2.3.2.1}{\376\377\000S\000c\000e\000n\000e\000O\000b\000j\000e\000c\000t}{subsection.2.3.2}
\BOOKMARK [2][-]{subsection.2.3.3}{\376\377\000M\000e\000m\000b\000e\000r\000\040\000F\000u\000n\000c\000t\000i\000o\000n\000\040\000D\000o\000c\000u\000m\000e\000n\000t\000a\000t\000i\000o\000n}{section.2.3}
\BOOKMARK [3][-]{subsubsection.2.3.3.1}{\376\377\000c\000a\000l\000c\000R\000o\000t\000a\000t\000i\000o\000n}{subsection.2.3.3}
\BOOKMARK [3][-]{subsubsection.2.3.3.2}{\376\377\000c\000a\000l\000c\000S\000i\000z\000e}{subsection.2.3.3}
\BOOKMARK [3][-]{subsubsection.2.3.3.3}{\376\377\000d\000i\000f\000f}{subsection.2.3.3}
\BOOKMARK [3][-]{subsubsection.2.3.3.4}{\376\377\000d\000i\000s\000t\000a\000n\000c\000e}{subsection.2.3.3}
\BOOKMARK [1][-]{section.2.4}{\376\377\000S\000t\000a\000b\000l\000e\000O\000b\000j\000e\000c\000t\000\040\000C\000l\000a\000s\000s\000\040\000R\000e\000f\000e\000r\000e\000n\000c\000e}{chapter.2}
\BOOKMARK [2][-]{subsection.2.4.1}{\376\377\000D\000e\000t\000a\000i\000l\000e\000d\000\040\000D\000e\000s\000c\000r\000i\000p\000t\000i\000o\000n}{section.2.4}
\BOOKMARK [2][-]{subsection.2.4.2}{\376\377\000C\000o\000n\000s\000t\000r\000u\000c\000t\000o\000r\000\040\000\046\000\040\000D\000e\000s\000t\000r\000u\000c\000t\000o\000r\000\040\000D\000o\000c\000u\000m\000e\000n\000t\000a\000t\000i\000o\000n}{section.2.4}
\BOOKMARK [3][-]{subsubsection.2.4.2.1}{\376\377\000S\000t\000a\000b\000l\000e\000O\000b\000j\000e\000c\000t}{subsection.2.4.2}
